<?xml version="1.0" encoding="UTF-8"?>
<!-- Generated by org.testng.reporters.JUnitReportReporter -->
<testsuite name="org.testing.testcase.TC1" tests="1" time="3.015" ignored="0" failures="0" timestamp="11 Dec 2018 08:30:47 GMT" skipped="0" hostname="DESKTOP-5IJR7QP" errors="0">
  <testcase name="testCase1" time="3.015" classname="org.testing.testcase.TC1"/>
</testsuite> <!-- org.testing.testcase.TC1 -->
